mode: atomic
github.com/atlarge-research/opendc-emulate-kubernetes/pkg/clients/health/health.go:33.76,36.16 2 0
github.com/atlarge-research/opendc-emulate-kubernetes/pkg/clients/health/health.go:40.2,45.8 1 0
github.com/atlarge-research/opendc-emulate-kubernetes/pkg/clients/health/health.go:36.16,38.3 1 0
github.com/atlarge-research/opendc-emulate-kubernetes/pkg/clients/health/health.go:49.76,51.16 2 1
github.com/atlarge-research/opendc-emulate-kubernetes/pkg/clients/health/health.go:56.2,56.12 1 1
github.com/atlarge-research/opendc-emulate-kubernetes/pkg/clients/health/health.go:78.2,78.12 1 1
github.com/atlarge-research/opendc-emulate-kubernetes/pkg/clients/health/health.go:51.16,53.3 1 0
github.com/atlarge-research/opendc-emulate-kubernetes/pkg/clients/health/health.go:56.12,57.7 1 1
github.com/atlarge-research/opendc-emulate-kubernetes/pkg/clients/health/health.go:57.7,65.18 4 1
github.com/atlarge-research/opendc-emulate-kubernetes/pkg/clients/health/health.go:69.4,69.11 1 1
github.com/atlarge-research/opendc-emulate-kubernetes/pkg/clients/health/health.go:65.18,67.5 1 0
github.com/atlarge-research/opendc-emulate-kubernetes/pkg/clients/health/health.go:70.22,71.11 1 1
github.com/atlarge-research/opendc-emulate-kubernetes/pkg/clients/health/health.go:72.36,72.36 0 0
github.com/atlarge-research/opendc-emulate-kubernetes/pkg/clients/health/health.go:78.12,79.7 1 1
github.com/atlarge-research/opendc-emulate-kubernetes/pkg/clients/health/health.go:79.7,82.14 2 1
github.com/atlarge-research/opendc-emulate-kubernetes/pkg/clients/health/health.go:90.4,90.11 1 1
github.com/atlarge-research/opendc-emulate-kubernetes/pkg/clients/health/health.go:82.14,84.19 2 1
github.com/atlarge-research/opendc-emulate-kubernetes/pkg/clients/health/health.go:87.5,87.20 1 1
github.com/atlarge-research/opendc-emulate-kubernetes/pkg/clients/health/health.go:84.19,86.6 1 1
github.com/atlarge-research/opendc-emulate-kubernetes/pkg/clients/health/health.go:91.22,93.11 1 1
github.com/atlarge-research/opendc-emulate-kubernetes/pkg/clients/health/health.go:94.49,95.53 1 0
github.com/atlarge-research/opendc-emulate-kubernetes/pkg/clients/health/health.go:96.13,96.13 0 0
github.com/atlarge-research/opendc-emulate-kubernetes/pkg/clients/health/health.go:103.45,107.2 3 0
github.com/atlarge-research/opendc-emulate-kubernetes/pkg/kubernetes/kubernetes.go:17.129,20.29 2 0
github.com/atlarge-research/opendc-emulate-kubernetes/pkg/kubernetes/kubernetes.go:24.2,32.8 1 0
github.com/atlarge-research/opendc-emulate-kubernetes/pkg/kubernetes/kubernetes.go:20.29,22.3 1 0
github.com/atlarge-research/opendc-emulate-kubernetes/pkg/kubernetes/managedcluster.go:16.40,18.2 1 0
github.com/atlarge-research/opendc-emulate-kubernetes/pkg/kubernetes/builder.go:24.20,26.2 1 3
github.com/atlarge-research/opendc-emulate-kubernetes/pkg/kubernetes/builder.go:29.28,34.2 4 1
github.com/atlarge-research/opendc-emulate-kubernetes/pkg/kubernetes/builder.go:37.50,40.2 2 3
github.com/atlarge-research/opendc-emulate-kubernetes/pkg/kubernetes/builder.go:43.59,46.2 2 0
github.com/atlarge-research/opendc-emulate-kubernetes/pkg/kubernetes/builder.go:49.74,52.2 2 0
github.com/atlarge-research/opendc-emulate-kubernetes/pkg/kubernetes/builder.go:56.57,59.2 2 0
github.com/atlarge-research/opendc-emulate-kubernetes/pkg/kubernetes/builder.go:61.48,63.16 2 0
github.com/atlarge-research/opendc-emulate-kubernetes/pkg/kubernetes/builder.go:67.2,68.16 2 0
github.com/atlarge-research/opendc-emulate-kubernetes/pkg/kubernetes/builder.go:72.2,72.17 1 0
github.com/atlarge-research/opendc-emulate-kubernetes/pkg/kubernetes/builder.go:63.16,65.3 1 0
github.com/atlarge-research/opendc-emulate-kubernetes/pkg/kubernetes/builder.go:68.16,70.3 1 0
github.com/atlarge-research/opendc-emulate-kubernetes/pkg/kubernetes/builder.go:77.57,78.18 1 1
github.com/atlarge-research/opendc-emulate-kubernetes/pkg/kubernetes/builder.go:82.2,82.56 1 0
github.com/atlarge-research/opendc-emulate-kubernetes/pkg/kubernetes/builder.go:85.2,87.16 2 0
github.com/atlarge-research/opendc-emulate-kubernetes/pkg/kubernetes/builder.go:91.2,91.17 1 0
github.com/atlarge-research/opendc-emulate-kubernetes/pkg/kubernetes/builder.go:78.18,80.3 1 1
github.com/atlarge-research/opendc-emulate-kubernetes/pkg/kubernetes/builder.go:82.56,84.3 1 0
github.com/atlarge-research/opendc-emulate-kubernetes/pkg/kubernetes/builder.go:87.16,89.3 1 0
github.com/atlarge-research/opendc-emulate-kubernetes/pkg/kubernetes/builder.go:95.52,96.18 1 1
github.com/atlarge-research/opendc-emulate-kubernetes/pkg/kubernetes/builder.go:102.2,102.65 1 0
github.com/atlarge-research/opendc-emulate-kubernetes/pkg/kubernetes/builder.go:108.2,109.16 2 0
github.com/atlarge-research/opendc-emulate-kubernetes/pkg/kubernetes/builder.go:120.2,121.16 2 0
github.com/atlarge-research/opendc-emulate-kubernetes/pkg/kubernetes/builder.go:125.2,129.8 1 0
github.com/atlarge-research/opendc-emulate-kubernetes/pkg/kubernetes/builder.go:96.18,98.3 1 1
github.com/atlarge-research/opendc-emulate-kubernetes/pkg/kubernetes/builder.go:102.65,103.82 1 0
github.com/atlarge-research/opendc-emulate-kubernetes/pkg/kubernetes/builder.go:103.82,105.4 1 0
github.com/atlarge-research/opendc-emulate-kubernetes/pkg/kubernetes/builder.go:109.16,114.87 2 0
github.com/atlarge-research/opendc-emulate-kubernetes/pkg/kubernetes/builder.go:117.3,117.31 1 0
github.com/atlarge-research/opendc-emulate-kubernetes/pkg/kubernetes/builder.go:114.87,116.4 1 0
github.com/atlarge-research/opendc-emulate-kubernetes/pkg/kubernetes/builder.go:121.16,123.3 1 0
github.com/atlarge-research/opendc-emulate-kubernetes/pkg/kubernetes/cluster.go:23.80,25.16 2 0
github.com/atlarge-research/opendc-emulate-kubernetes/pkg/kubernetes/cluster.go:29.2,31.16 2 0
github.com/atlarge-research/opendc-emulate-kubernetes/pkg/kubernetes/cluster.go:35.2,38.8 1 0
github.com/atlarge-research/opendc-emulate-kubernetes/pkg/kubernetes/cluster.go:25.16,27.3 1 0
github.com/atlarge-research/opendc-emulate-kubernetes/pkg/kubernetes/cluster.go:31.16,33.3 1 0
github.com/atlarge-research/opendc-emulate-kubernetes/pkg/kubernetes/cluster.go:44.78,50.2 1 0
github.com/atlarge-research/opendc-emulate-kubernetes/pkg/kubernetes/cluster.go:53.65,55.16 2 0
github.com/atlarge-research/opendc-emulate-kubernetes/pkg/kubernetes/cluster.go:59.2,59.29 1 0
github.com/atlarge-research/opendc-emulate-kubernetes/pkg/kubernetes/cluster.go:55.16,57.3 1 0
github.com/atlarge-research/opendc-emulate-kubernetes/pkg/kubernetes/cluster.go:63.63,65.2 1 0
github.com/atlarge-research/opendc-emulate-kubernetes/pkg/kubernetes/cluster.go:68.72,70.16 2 0
github.com/atlarge-research/opendc-emulate-kubernetes/pkg/kubernetes/cluster.go:74.2,75.33 2 0
github.com/atlarge-research/opendc-emulate-kubernetes/pkg/kubernetes/cluster.go:81.2,81.17 1 0
github.com/atlarge-research/opendc-emulate-kubernetes/pkg/kubernetes/cluster.go:70.16,72.3 1 0
github.com/atlarge-research/opendc-emulate-kubernetes/pkg/kubernetes/cluster.go:75.33,76.44 1 0
github.com/atlarge-research/opendc-emulate-kubernetes/pkg/kubernetes/cluster.go:76.44,78.4 1 0
github.com/atlarge-research/opendc-emulate-kubernetes/pkg/kubernetes/cluster.go:85.50,87.16 2 0
github.com/atlarge-research/opendc-emulate-kubernetes/pkg/kubernetes/cluster.go:91.2,91.30 1 0
github.com/atlarge-research/opendc-emulate-kubernetes/pkg/kubernetes/cluster.go:87.16,89.3 1 0
github.com/atlarge-research/opendc-emulate-kubernetes/services/apatelet/crd/node/handler.go:16.142,18.16 2 0
github.com/atlarge-research/opendc-emulate-kubernetes/services/apatelet/crd/node/handler.go:22.2,23.16 2 0
github.com/atlarge-research/opendc-emulate-kubernetes/services/apatelet/crd/node/handler.go:27.2,27.46 1 0
github.com/atlarge-research/opendc-emulate-kubernetes/services/apatelet/crd/node/handler.go:56.2,56.12 1 0
github.com/atlarge-research/opendc-emulate-kubernetes/services/apatelet/crd/node/handler.go:18.16,20.3 1 0
github.com/atlarge-research/opendc-emulate-kubernetes/services/apatelet/crd/node/handler.go:23.16,25.3 1 0
github.com/atlarge-research/opendc-emulate-kubernetes/services/apatelet/crd/node/handler.go:27.46,31.44 2 0
github.com/atlarge-research/opendc-emulate-kubernetes/services/apatelet/crd/node/handler.go:38.3,38.18 1 0
github.com/atlarge-research/opendc-emulate-kubernetes/services/apatelet/crd/node/handler.go:31.44,33.18 2 0
github.com/atlarge-research/opendc-emulate-kubernetes/services/apatelet/crd/node/handler.go:33.18,35.5 1 0
github.com/atlarge-research/opendc-emulate-kubernetes/services/apatelet/crd/node/handler.go:39.30,43.44 2 0
github.com/atlarge-research/opendc-emulate-kubernetes/services/apatelet/crd/node/handler.go:50.3,50.18 1 0
github.com/atlarge-research/opendc-emulate-kubernetes/services/apatelet/crd/node/handler.go:43.44,45.18 2 0
github.com/atlarge-research/opendc-emulate-kubernetes/services/apatelet/crd/node/handler.go:45.18,47.5 1 0
github.com/atlarge-research/opendc-emulate-kubernetes/services/apatelet/crd/node/handler.go:51.28,54.3 0 0
github.com/atlarge-research/opendc-emulate-kubernetes/services/apatelet/crd/node/handler.go:59.83,62.42 2 2
github.com/atlarge-research/opendc-emulate-kubernetes/services/apatelet/crd/node/handler.go:70.2,70.84 1 2
github.com/atlarge-research/opendc-emulate-kubernetes/services/apatelet/crd/node/handler.go:74.2,75.42 2 2
github.com/atlarge-research/opendc-emulate-kubernetes/services/apatelet/crd/node/handler.go:80.2,80.50 1 2
github.com/atlarge-research/opendc-emulate-kubernetes/services/apatelet/crd/node/handler.go:84.2,84.12 1 2
github.com/atlarge-research/opendc-emulate-kubernetes/services/apatelet/crd/node/handler.go:62.42,64.17 2 2
github.com/atlarge-research/opendc-emulate-kubernetes/services/apatelet/crd/node/handler.go:67.3,67.26 1 2
github.com/atlarge-research/opendc-emulate-kubernetes/services/apatelet/crd/node/handler.go:64.17,66.4 1 0
github.com/atlarge-research/opendc-emulate-kubernetes/services/apatelet/crd/node/handler.go:70.84,72.3 1 1
github.com/atlarge-research/opendc-emulate-kubernetes/services/apatelet/crd/node/handler.go:75.42,78.3 2 2
github.com/atlarge-research/opendc-emulate-kubernetes/services/apatelet/crd/node/handler.go:80.50,82.3 1 0
github.com/atlarge-research/opendc-emulate-kubernetes/services/apatelet/crd/node/translator.go:14.80,19.27 2 6
github.com/atlarge-research/opendc-emulate-kubernetes/services/apatelet/crd/node/translator.go:24.2,25.32 2 6
github.com/atlarge-research/opendc-emulate-kubernetes/services/apatelet/crd/node/translator.go:31.2,31.22 1 6
github.com/atlarge-research/opendc-emulate-kubernetes/services/apatelet/crd/node/translator.go:19.27,21.3 1 2
github.com/atlarge-research/opendc-emulate-kubernetes/services/apatelet/crd/node/translator.go:25.32,28.3 1 2
github.com/atlarge-research/opendc-emulate-kubernetes/services/apatelet/crd/node/translator.go:31.22,39.3 7 2
github.com/atlarge-research/opendc-emulate-kubernetes/services/apatelet/crd/node/translator.go:42.88,44.18 1 6
github.com/atlarge-research/opendc-emulate-kubernetes/services/apatelet/crd/node/translator.go:48.2,48.47 1 2
github.com/atlarge-research/opendc-emulate-kubernetes/services/apatelet/crd/node/translator.go:52.2,52.47 1 2
github.com/atlarge-research/opendc-emulate-kubernetes/services/apatelet/crd/node/translator.go:56.2,56.47 1 2
github.com/atlarge-research/opendc-emulate-kubernetes/services/apatelet/crd/node/translator.go:60.2,60.44 1 2
github.com/atlarge-research/opendc-emulate-kubernetes/services/apatelet/crd/node/translator.go:64.2,64.50 1 2
github.com/atlarge-research/opendc-emulate-kubernetes/services/apatelet/crd/node/translator.go:68.2,68.45 1 2
github.com/atlarge-research/opendc-emulate-kubernetes/services/apatelet/crd/node/translator.go:72.2,72.46 1 2
github.com/atlarge-research/opendc-emulate-kubernetes/services/apatelet/crd/node/translator.go:44.18,46.3 1 4
github.com/atlarge-research/opendc-emulate-kubernetes/services/apatelet/crd/node/translator.go:48.47,50.3 1 1
github.com/atlarge-research/opendc-emulate-kubernetes/services/apatelet/crd/node/translator.go:52.47,54.3 1 1
github.com/atlarge-research/opendc-emulate-kubernetes/services/apatelet/crd/node/translator.go:56.47,58.3 1 1
github.com/atlarge-research/opendc-emulate-kubernetes/services/apatelet/crd/node/translator.go:60.44,62.3 1 1
github.com/atlarge-research/opendc-emulate-kubernetes/services/apatelet/crd/node/translator.go:64.50,66.3 1 1
github.com/atlarge-research/opendc-emulate-kubernetes/services/apatelet/crd/node/translator.go:68.45,70.3 1 1
github.com/atlarge-research/opendc-emulate-kubernetes/services/apatelet/crd/node/translator.go:72.46,74.3 1 1
github.com/atlarge-research/opendc-emulate-kubernetes/services/apatelet/crd/node/translator.go:77.63,79.2 1 14
github.com/atlarge-research/opendc-emulate-kubernetes/services/apatelet/crd/node/translator.go:81.75,82.15 1 34
github.com/atlarge-research/opendc-emulate-kubernetes/services/apatelet/crd/node/translator.go:83.35,84.33 1 11
github.com/atlarge-research/opendc-emulate-kubernetes/services/apatelet/crd/node/translator.go:85.34,86.32 1 3
github.com/atlarge-research/opendc-emulate-kubernetes/services/apatelet/crd/node/translator.go:87.36,88.34 1 19
github.com/atlarge-research/opendc-emulate-kubernetes/services/apatelet/crd/node/translator.go:89.34,90.14 1 1
github.com/atlarge-research/opendc-emulate-kubernetes/services/apatelet/crd/node/translator.go:91.10,92.32 1 1
github.com/atlarge-research/opendc-emulate-kubernetes/pkg/runner/docker.go:17.121,24.2 3 0
github.com/atlarge-research/opendc-emulate-kubernetes/pkg/runner/routine.go:18.122,19.44 1 0
github.com/atlarge-research/opendc-emulate-kubernetes/pkg/runner/routine.go:23.2,27.37 3 0
github.com/atlarge-research/opendc-emulate-kubernetes/pkg/runner/routine.go:55.2,55.12 1 0
github.com/atlarge-research/opendc-emulate-kubernetes/pkg/runner/routine.go:19.44,21.3 1 0
github.com/atlarge-research/opendc-emulate-kubernetes/pkg/runner/routine.go:27.37,32.17 4 0
github.com/atlarge-research/opendc-emulate-kubernetes/pkg/runner/routine.go:36.3,40.13 4 0
github.com/atlarge-research/opendc-emulate-kubernetes/pkg/runner/routine.go:53.3,53.12 1 0
github.com/atlarge-research/opendc-emulate-kubernetes/pkg/runner/routine.go:32.17,34.4 1 0
github.com/atlarge-research/opendc-emulate-kubernetes/pkg/runner/routine.go:40.13,42.17 1 0
github.com/atlarge-research/opendc-emulate-kubernetes/pkg/runner/routine.go:47.4,48.18 2 0
github.com/atlarge-research/opendc-emulate-kubernetes/pkg/runner/routine.go:42.17,43.33 1 0
github.com/atlarge-research/opendc-emulate-kubernetes/pkg/runner/routine.go:43.33,45.6 1 0
github.com/atlarge-research/opendc-emulate-kubernetes/pkg/runner/routine.go:48.18,50.5 1 0
github.com/atlarge-research/opendc-emulate-kubernetes/pkg/runner/runner.go:30.22,34.2 1 3
github.com/atlarge-research/opendc-emulate-kubernetes/pkg/runner/runner.go:37.77,44.2 3 2
github.com/atlarge-research/opendc-emulate-kubernetes/pkg/runner/runner.go:47.100,52.48 4 3
github.com/atlarge-research/opendc-emulate-kubernetes/pkg/runner/runner.go:56.2,56.89 1 1
github.com/atlarge-research/opendc-emulate-kubernetes/pkg/runner/runner.go:52.48,54.3 1 2
github.com/atlarge-research/opendc-emulate-kubernetes/services/apatelet/crd/pod/handler.go:16.124,18.16 2 0
github.com/atlarge-research/opendc-emulate-kubernetes/services/apatelet/crd/pod/handler.go:22.2,23.16 2 0
github.com/atlarge-research/opendc-emulate-kubernetes/services/apatelet/crd/pod/handler.go:27.2,27.49 1 0
github.com/atlarge-research/opendc-emulate-kubernetes/services/apatelet/crd/pod/handler.go:58.2,58.12 1 0
github.com/atlarge-research/opendc-emulate-kubernetes/services/apatelet/crd/pod/handler.go:18.16,20.3 1 0
github.com/atlarge-research/opendc-emulate-kubernetes/services/apatelet/crd/pod/handler.go:23.16,25.3 1 0
github.com/atlarge-research/opendc-emulate-kubernetes/services/apatelet/crd/pod/handler.go:27.49,32.17 3 0
github.com/atlarge-research/opendc-emulate-kubernetes/services/apatelet/crd/pod/handler.go:36.3,36.18 1 0
github.com/atlarge-research/opendc-emulate-kubernetes/services/apatelet/crd/pod/handler.go:32.17,34.4 1 0
github.com/atlarge-research/opendc-emulate-kubernetes/services/apatelet/crd/pod/handler.go:37.30,42.17 3 0
github.com/atlarge-research/opendc-emulate-kubernetes/services/apatelet/crd/pod/handler.go:46.3,46.18 1 0
github.com/atlarge-research/opendc-emulate-kubernetes/services/apatelet/crd/pod/handler.go:42.17,44.4 1 0
github.com/atlarge-research/opendc-emulate-kubernetes/services/apatelet/crd/pod/handler.go:47.27,53.17 4 0
github.com/atlarge-research/opendc-emulate-kubernetes/services/apatelet/crd/pod/handler.go:53.17,55.4 1 0
github.com/atlarge-research/opendc-emulate-kubernetes/services/apatelet/crd/pod/handler.go:61.79,64.41 2 2
github.com/atlarge-research/opendc-emulate-kubernetes/services/apatelet/crd/pod/handler.go:72.2,75.48 3 2
github.com/atlarge-research/opendc-emulate-kubernetes/services/apatelet/crd/pod/handler.go:81.2,82.41 2 2
github.com/atlarge-research/opendc-emulate-kubernetes/services/apatelet/crd/pod/handler.go:87.2,87.83 1 2
github.com/atlarge-research/opendc-emulate-kubernetes/services/apatelet/crd/pod/handler.go:64.41,66.17 2 2
github.com/atlarge-research/opendc-emulate-kubernetes/services/apatelet/crd/pod/handler.go:69.3,69.26 1 2
github.com/atlarge-research/opendc-emulate-kubernetes/services/apatelet/crd/pod/handler.go:66.17,68.4 1 0
github.com/atlarge-research/opendc-emulate-kubernetes/services/apatelet/crd/pod/handler.go:75.48,76.87 1 1
github.com/atlarge-research/opendc-emulate-kubernetes/services/apatelet/crd/pod/handler.go:76.87,78.4 1 0
github.com/atlarge-research/opendc-emulate-kubernetes/services/apatelet/crd/pod/handler.go:82.41,85.3 2 2
github.com/atlarge-research/opendc-emulate-kubernetes/services/apatelet/crd/pod/handler.go:90.66,93.2 2 3
github.com/atlarge-research/opendc-emulate-kubernetes/services/apatelet/crd/pod/translator.go:20.94,21.44 1 4
github.com/atlarge-research/opendc-emulate-kubernetes/services/apatelet/crd/pod/translator.go:25.2,25.44 1 4
github.com/atlarge-research/opendc-emulate-kubernetes/services/apatelet/crd/pod/translator.go:29.2,29.44 1 4
github.com/atlarge-research/opendc-emulate-kubernetes/services/apatelet/crd/pod/translator.go:33.2,33.41 1 4
github.com/atlarge-research/opendc-emulate-kubernetes/services/apatelet/crd/pod/translator.go:37.2,37.47 1 4
github.com/atlarge-research/opendc-emulate-kubernetes/services/apatelet/crd/pod/translator.go:41.2,41.28 1 4
github.com/atlarge-research/opendc-emulate-kubernetes/services/apatelet/crd/pod/translator.go:49.2,49.37 1 3
github.com/atlarge-research/opendc-emulate-kubernetes/services/apatelet/crd/pod/translator.go:53.2,53.12 1 3
github.com/atlarge-research/opendc-emulate-kubernetes/services/apatelet/crd/pod/translator.go:21.44,23.3 1 3
github.com/atlarge-research/opendc-emulate-kubernetes/services/apatelet/crd/pod/translator.go:25.44,27.3 1 3
github.com/atlarge-research/opendc-emulate-kubernetes/services/apatelet/crd/pod/translator.go:29.44,31.3 1 3
github.com/atlarge-research/opendc-emulate-kubernetes/services/apatelet/crd/pod/translator.go:33.41,35.3 1 3
github.com/atlarge-research/opendc-emulate-kubernetes/services/apatelet/crd/pod/translator.go:37.47,39.3 1 3
github.com/atlarge-research/opendc-emulate-kubernetes/services/apatelet/crd/pod/translator.go:41.28,43.17 2 3
github.com/atlarge-research/opendc-emulate-kubernetes/services/apatelet/crd/pod/translator.go:46.3,46.58 1 2
github.com/atlarge-research/opendc-emulate-kubernetes/services/apatelet/crd/pod/translator.go:43.17,45.4 1 1
github.com/atlarge-research/opendc-emulate-kubernetes/services/apatelet/crd/pod/translator.go:49.37,51.3 1 2
github.com/atlarge-research/opendc-emulate-kubernetes/services/apatelet/crd/pod/translator.go:56.61,58.2 1 20
github.com/atlarge-research/opendc-emulate-kubernetes/services/apatelet/crd/pod/translator.go:60.58,62.2 1 3
github.com/atlarge-research/opendc-emulate-kubernetes/services/apatelet/crd/pod/translator.go:64.73,65.15 1 30
github.com/atlarge-research/opendc-emulate-kubernetes/services/apatelet/crd/pod/translator.go:66.34,67.33 1 26
github.com/atlarge-research/opendc-emulate-kubernetes/services/apatelet/crd/pod/translator.go:68.33,69.32 1 1
github.com/atlarge-research/opendc-emulate-kubernetes/services/apatelet/crd/pod/translator.go:70.35,71.34 1 1
github.com/atlarge-research/opendc-emulate-kubernetes/services/apatelet/crd/pod/translator.go:72.33,73.14 1 1
github.com/atlarge-research/opendc-emulate-kubernetes/services/apatelet/crd/pod/translator.go:74.10,75.32 1 2
github.com/atlarge-research/opendc-emulate-kubernetes/services/apatelet/crd/pod/translator.go:79.73,80.15 1 11
github.com/atlarge-research/opendc-emulate-kubernetes/services/apatelet/crd/pod/translator.go:81.36,82.35 1 1
github.com/atlarge-research/opendc-emulate-kubernetes/services/apatelet/crd/pod/translator.go:83.36,84.35 1 5
github.com/atlarge-research/opendc-emulate-kubernetes/services/apatelet/crd/pod/translator.go:85.38,86.37 1 1
github.com/atlarge-research/opendc-emulate-kubernetes/services/apatelet/crd/pod/translator.go:87.35,88.34 1 1
github.com/atlarge-research/opendc-emulate-kubernetes/services/apatelet/crd/pod/translator.go:89.36,90.35 1 1
github.com/atlarge-research/opendc-emulate-kubernetes/services/apatelet/crd/pod/translator.go:91.34,92.14 1 1
github.com/atlarge-research/opendc-emulate-kubernetes/services/apatelet/crd/pod/translator.go:93.10,94.33 1 2
github.com/atlarge-research/opendc-emulate-kubernetes/services/apatelet/crd/pod/translator.go:98.86,100.16 2 7
github.com/atlarge-research/opendc-emulate-kubernetes/services/apatelet/crd/pod/translator.go:103.2,106.16 3 5
github.com/atlarge-research/opendc-emulate-kubernetes/services/apatelet/crd/pod/translator.go:109.2,112.16 3 4
github.com/atlarge-research/opendc-emulate-kubernetes/services/apatelet/crd/pod/translator.go:115.2,146.8 2 3
github.com/atlarge-research/opendc-emulate-kubernetes/services/apatelet/crd/pod/translator.go:100.16,102.3 1 2
github.com/atlarge-research/opendc-emulate-kubernetes/services/apatelet/crd/pod/translator.go:106.16,108.3 1 1
github.com/atlarge-research/opendc-emulate-kubernetes/services/apatelet/crd/pod/translator.go:112.16,114.3 1 1
github.com/atlarge-research/opendc-emulate-kubernetes/services/apatelet/provider/condition/condition.go:27.74,35.2 1 2
github.com/atlarge-research/opendc-emulate-kubernetes/services/apatelet/provider/condition/condition.go:37.60,38.11 1 4
github.com/atlarge-research/opendc-emulate-kubernetes/services/apatelet/provider/condition/condition.go:42.2,42.30 1 4
github.com/atlarge-research/opendc-emulate-kubernetes/services/apatelet/provider/condition/condition.go:38.11,40.3 1 0
github.com/atlarge-research/opendc-emulate-kubernetes/services/apatelet/provider/condition/condition.go:45.45,46.23 1 10
github.com/atlarge-research/opendc-emulate-kubernetes/services/apatelet/provider/condition/condition.go:50.2,50.24 1 5
github.com/atlarge-research/opendc-emulate-kubernetes/services/apatelet/provider/condition/condition.go:46.23,48.3 1 5
github.com/atlarge-research/opendc-emulate-kubernetes/services/apatelet/provider/condition/condition.go:53.44,54.23 1 10
github.com/atlarge-research/opendc-emulate-kubernetes/services/apatelet/provider/condition/condition.go:58.2,58.31 1 5
github.com/atlarge-research/opendc-emulate-kubernetes/services/apatelet/provider/condition/condition.go:54.23,56.3 1 5
github.com/atlarge-research/opendc-emulate-kubernetes/services/apatelet/provider/condition/condition.go:62.69,64.24 1 4
github.com/atlarge-research/opendc-emulate-kubernetes/services/apatelet/provider/condition/condition.go:69.2,76.3 1 4
github.com/atlarge-research/opendc-emulate-kubernetes/services/apatelet/provider/condition/condition.go:64.24,67.3 2 2
github.com/atlarge-research/opendc-emulate-kubernetes/services/apatelet/provider/condition/condition.go:80.52,89.2 1 0
github.com/atlarge-research/opendc-emulate-kubernetes/services/apatelet/store/task.go:30.39,33.2 2 4
github.com/atlarge-research/opendc-emulate-kubernetes/services/apatelet/store/task.go:43.38,44.43 1 66
github.com/atlarge-research/opendc-emulate-kubernetes/services/apatelet/store/task.go:47.2,47.43 1 63
github.com/atlarge-research/opendc-emulate-kubernetes/services/apatelet/store/task.go:50.2,50.30 1 62
github.com/atlarge-research/opendc-emulate-kubernetes/services/apatelet/store/task.go:44.43,46.3 1 3
github.com/atlarge-research/opendc-emulate-kubernetes/services/apatelet/store/task.go:47.43,49.3 1 1
github.com/atlarge-research/opendc-emulate-kubernetes/services/apatelet/store/task.go:54.96,62.2 1 23
github.com/atlarge-research/opendc-emulate-kubernetes/services/apatelet/store/task.go:65.107,73.2 1 23
github.com/atlarge-research/opendc-emulate-kubernetes/services/apatelet/store/task_pq.go:12.32,16.2 1 18
github.com/atlarge-research/opendc-emulate-kubernetes/services/apatelet/store/task_pq.go:19.31,21.2 1 163
github.com/atlarge-research/opendc-emulate-kubernetes/services/apatelet/store/task_pq.go:24.41,26.2 1 71
github.com/atlarge-research/opendc-emulate-kubernetes/services/apatelet/store/task_pq.go:29.36,31.2 1 61
github.com/atlarge-research/opendc-emulate-kubernetes/services/apatelet/store/task_pq.go:34.41,36.90 1 38
github.com/atlarge-research/opendc-emulate-kubernetes/services/apatelet/store/task_pq.go:40.2,40.31 1 38
github.com/atlarge-research/opendc-emulate-kubernetes/services/apatelet/store/task_pq.go:36.90,38.3 1 0
github.com/atlarge-research/opendc-emulate-kubernetes/services/apatelet/store/task_pq.go:40.31,42.3 1 38
github.com/atlarge-research/opendc-emulate-kubernetes/services/apatelet/store/task_pq.go:46.39,53.2 6 33
github.com/atlarge-research/opendc-emulate-kubernetes/services/apatelet/store/task_pq.go:56.41,58.2 1 30
github.com/atlarge-research/opendc-emulate-kubernetes/services/apatelet/store/store.go:66.23,75.2 3 18
github.com/atlarge-research/opendc-emulate-kubernetes/services/apatelet/store/store.go:77.77,81.37 3 23
github.com/atlarge-research/opendc-emulate-kubernetes/services/apatelet/store/store.go:101.2,101.41 1 21
github.com/atlarge-research/opendc-emulate-kubernetes/services/apatelet/store/store.go:107.2,107.12 1 21
github.com/atlarge-research/opendc-emulate-kubernetes/services/apatelet/store/store.go:81.37,83.17 2 34
github.com/atlarge-research/opendc-emulate-kubernetes/services/apatelet/store/store.go:87.3,87.16 1 32
github.com/atlarge-research/opendc-emulate-kubernetes/services/apatelet/store/store.go:83.17,85.4 1 2
github.com/atlarge-research/opendc-emulate-kubernetes/services/apatelet/store/store.go:87.16,88.26 1 8
github.com/atlarge-research/opendc-emulate-kubernetes/services/apatelet/store/store.go:88.26,90.5 1 2
github.com/atlarge-research/opendc-emulate-kubernetes/services/apatelet/store/store.go:90.10,91.27 1 6
github.com/atlarge-research/opendc-emulate-kubernetes/services/apatelet/store/store.go:96.5,96.28 1 6
github.com/atlarge-research/opendc-emulate-kubernetes/services/apatelet/store/store.go:91.27,95.6 2 6
github.com/atlarge-research/opendc-emulate-kubernetes/services/apatelet/store/store.go:101.41,102.27 1 44
github.com/atlarge-research/opendc-emulate-kubernetes/services/apatelet/store/store.go:102.27,104.4 1 38
github.com/atlarge-research/opendc-emulate-kubernetes/services/apatelet/store/store.go:110.51,111.64 1 13
github.com/atlarge-research/opendc-emulate-kubernetes/services/apatelet/store/store.go:111.64,113.17 2 3
github.com/atlarge-research/opendc-emulate-kubernetes/services/apatelet/store/store.go:117.3,117.21 1 2
github.com/atlarge-research/opendc-emulate-kubernetes/services/apatelet/store/store.go:113.17,115.4 1 1
github.com/atlarge-research/opendc-emulate-kubernetes/services/apatelet/store/store.go:121.64,122.64 1 10
github.com/atlarge-research/opendc-emulate-kubernetes/services/apatelet/store/store.go:122.64,124.17 2 31
github.com/atlarge-research/opendc-emulate-kubernetes/services/apatelet/store/store.go:128.3,128.51 1 30
github.com/atlarge-research/opendc-emulate-kubernetes/services/apatelet/store/store.go:124.17,126.4 1 1
github.com/atlarge-research/opendc-emulate-kubernetes/services/apatelet/store/store.go:132.52,136.47 3 1
github.com/atlarge-research/opendc-emulate-kubernetes/services/apatelet/store/store.go:149.2,149.12 1 1
github.com/atlarge-research/opendc-emulate-kubernetes/services/apatelet/store/store.go:136.47,140.17 3 6
github.com/atlarge-research/opendc-emulate-kubernetes/services/apatelet/store/store.go:144.3,144.43 1 6
github.com/atlarge-research/opendc-emulate-kubernetes/services/apatelet/store/store.go:140.17,142.4 1 0
github.com/atlarge-research/opendc-emulate-kubernetes/services/apatelet/store/store.go:144.43,146.4 1 3
github.com/atlarge-research/opendc-emulate-kubernetes/services/apatelet/store/store.go:152.32,157.2 3 8
github.com/atlarge-research/opendc-emulate-kubernetes/services/apatelet/store/store.go:159.57,163.24 3 31
github.com/atlarge-research/opendc-emulate-kubernetes/services/apatelet/store/store.go:168.2,168.45 1 30
github.com/atlarge-research/opendc-emulate-kubernetes/services/apatelet/store/store.go:172.2,172.83 1 0
github.com/atlarge-research/opendc-emulate-kubernetes/services/apatelet/store/store.go:163.24,165.3 1 1
github.com/atlarge-research/opendc-emulate-kubernetes/services/apatelet/store/store.go:168.45,170.3 1 30
github.com/atlarge-research/opendc-emulate-kubernetes/services/apatelet/store/store.go:175.42,179.24 3 29
github.com/atlarge-research/opendc-emulate-kubernetes/services/apatelet/store/store.go:184.2,184.47 1 28
github.com/atlarge-research/opendc-emulate-kubernetes/services/apatelet/store/store.go:188.2,188.77 1 0
github.com/atlarge-research/opendc-emulate-kubernetes/services/apatelet/store/store.go:179.24,181.3 1 1
github.com/atlarge-research/opendc-emulate-kubernetes/services/apatelet/store/store.go:184.47,186.3 1 28
github.com/atlarge-research/opendc-emulate-kubernetes/services/apatelet/store/store.go:191.75,195.36 3 4
github.com/atlarge-research/opendc-emulate-kubernetes/services/apatelet/store/store.go:199.2,199.41 1 3
github.com/atlarge-research/opendc-emulate-kubernetes/services/apatelet/store/store.go:203.2,203.59 1 2
github.com/atlarge-research/opendc-emulate-kubernetes/services/apatelet/store/store.go:195.36,197.3 1 1
github.com/atlarge-research/opendc-emulate-kubernetes/services/apatelet/store/store.go:199.41,201.3 1 1
github.com/atlarge-research/opendc-emulate-kubernetes/services/apatelet/store/store.go:206.71,211.2 3 3
github.com/atlarge-research/opendc-emulate-kubernetes/services/apatelet/store/store.go:213.89,217.44 3 5
github.com/atlarge-research/opendc-emulate-kubernetes/services/apatelet/store/store.go:221.2,221.42 1 3
github.com/atlarge-research/opendc-emulate-kubernetes/services/apatelet/store/store.go:225.2,225.58 1 2
github.com/atlarge-research/opendc-emulate-kubernetes/services/apatelet/store/store.go:217.44,219.3 1 2
github.com/atlarge-research/opendc-emulate-kubernetes/services/apatelet/store/store.go:221.42,223.3 1 1
github.com/atlarge-research/opendc-emulate-kubernetes/services/apatelet/store/store.go:228.85,232.39 3 3
github.com/atlarge-research/opendc-emulate-kubernetes/services/apatelet/store/store.go:232.39,234.3 1 1
github.com/atlarge-research/opendc-emulate-kubernetes/services/apatelet/store/store.go:234.8,237.3 2 2
github.com/atlarge-research/opendc-emulate-kubernetes/services/controlplane/store/node.go:20.101,27.2 1 9
github.com/atlarge-research/opendc-emulate-kubernetes/services/controlplane/store/store.go:81.23,86.2 1 11
github.com/atlarge-research/opendc-emulate-kubernetes/services/controlplane/store/store.go:88.43,93.37 3 9
github.com/atlarge-research/opendc-emulate-kubernetes/services/controlplane/store/store.go:97.2,97.29 1 8
github.com/atlarge-research/opendc-emulate-kubernetes/services/controlplane/store/store.go:101.2,104.12 3 8
github.com/atlarge-research/opendc-emulate-kubernetes/services/controlplane/store/store.go:93.37,95.3 1 1
github.com/atlarge-research/opendc-emulate-kubernetes/services/controlplane/store/store.go:97.29,99.3 1 0
github.com/atlarge-research/opendc-emulate-kubernetes/services/controlplane/store/store.go:107.50,112.22 4 2
github.com/atlarge-research/opendc-emulate-kubernetes/services/controlplane/store/store.go:116.2,118.24 2 1
github.com/atlarge-research/opendc-emulate-kubernetes/services/controlplane/store/store.go:122.2,122.50 1 1
github.com/atlarge-research/opendc-emulate-kubernetes/services/controlplane/store/store.go:130.2,132.12 2 1
github.com/atlarge-research/opendc-emulate-kubernetes/services/controlplane/store/store.go:112.22,114.3 1 1
github.com/atlarge-research/opendc-emulate-kubernetes/services/controlplane/store/store.go:118.24,120.3 1 0
github.com/atlarge-research/opendc-emulate-kubernetes/services/controlplane/store/store.go:122.50,123.28 1 1
github.com/atlarge-research/opendc-emulate-kubernetes/services/controlplane/store/store.go:123.28,127.4 3 1
github.com/atlarge-research/opendc-emulate-kubernetes/services/controlplane/store/store.go:135.55,139.35 3 4
github.com/atlarge-research/opendc-emulate-kubernetes/services/controlplane/store/store.go:143.2,143.78 1 3
github.com/atlarge-research/opendc-emulate-kubernetes/services/controlplane/store/store.go:139.35,141.3 1 1
github.com/atlarge-research/opendc-emulate-kubernetes/services/controlplane/store/store.go:146.75,150.35 3 0
github.com/atlarge-research/opendc-emulate-kubernetes/services/controlplane/store/store.go:156.2,156.70 1 0
github.com/atlarge-research/opendc-emulate-kubernetes/services/controlplane/store/store.go:150.35,154.3 3 0
github.com/atlarge-research/opendc-emulate-kubernetes/services/controlplane/store/store.go:159.44,165.31 4 5
github.com/atlarge-research/opendc-emulate-kubernetes/services/controlplane/store/store.go:169.2,169.19 1 5
github.com/atlarge-research/opendc-emulate-kubernetes/services/controlplane/store/store.go:165.31,167.3 1 2
github.com/atlarge-research/opendc-emulate-kubernetes/services/controlplane/store/store.go:172.69,177.2 3 3
github.com/atlarge-research/opendc-emulate-kubernetes/services/controlplane/store/store.go:179.36,186.2 5 1
github.com/atlarge-research/opendc-emulate-kubernetes/services/controlplane/store/store.go:188.79,192.32 3 1
github.com/atlarge-research/opendc-emulate-kubernetes/services/controlplane/store/store.go:196.2,196.12 1 1
github.com/atlarge-research/opendc-emulate-kubernetes/services/controlplane/store/store.go:192.32,195.3 2 1
github.com/atlarge-research/opendc-emulate-kubernetes/services/controlplane/store/store.go:199.73,203.32 3 3
github.com/atlarge-research/opendc-emulate-kubernetes/services/controlplane/store/store.go:207.2,210.49 3 1
github.com/atlarge-research/opendc-emulate-kubernetes/services/controlplane/store/store.go:203.32,205.3 1 2
github.com/atlarge-research/opendc-emulate-kubernetes/services/controlplane/store/store.go:213.80,219.2 4 0
github.com/atlarge-research/opendc-emulate-kubernetes/services/controlplane/store/store.go:221.75,225.23 3 0
github.com/atlarge-research/opendc-emulate-kubernetes/services/controlplane/store/store.go:229.2,229.24 1 0
github.com/atlarge-research/opendc-emulate-kubernetes/services/controlplane/store/store.go:225.23,227.3 1 0
github.com/atlarge-research/opendc-emulate-kubernetes/services/controlplane/store/store.go:233.67,240.2 4 0
github.com/atlarge-research/opendc-emulate-kubernetes/services/controlplane/store/store.go:243.64,248.2 3 0
github.com/atlarge-research/opendc-emulate-kubernetes/services/apatelet/scheduler/scheduler.go:32.37,40.2 1 9
github.com/atlarge-research/opendc-emulate-kubernetes/services/apatelet/scheduler/scheduler.go:45.71,48.12 2 2
github.com/atlarge-research/opendc-emulate-kubernetes/services/apatelet/scheduler/scheduler.go:79.2,79.12 1 2
github.com/atlarge-research/opendc-emulate-kubernetes/services/apatelet/scheduler/scheduler.go:48.12,52.7 2 2
github.com/atlarge-research/opendc-emulate-kubernetes/services/apatelet/scheduler/scheduler.go:52.7,53.36 1 5
github.com/atlarge-research/opendc-emulate-kubernetes/services/apatelet/scheduler/scheduler.go:59.4,61.12 2 5
github.com/atlarge-research/opendc-emulate-kubernetes/services/apatelet/scheduler/scheduler.go:69.4,69.32 1 3
github.com/atlarge-research/opendc-emulate-kubernetes/services/apatelet/scheduler/scheduler.go:53.36,56.5 2 0
github.com/atlarge-research/opendc-emulate-kubernetes/services/apatelet/scheduler/scheduler.go:61.12,62.12 1 3
github.com/atlarge-research/opendc-emulate-kubernetes/services/apatelet/scheduler/scheduler.go:63.23,64.12 1 1
github.com/atlarge-research/opendc-emulate-kubernetes/services/apatelet/scheduler/scheduler.go:65.23,65.23 0 1
github.com/atlarge-research/opendc-emulate-kubernetes/services/apatelet/scheduler/scheduler.go:69.32,70.12 1 0
github.com/atlarge-research/opendc-emulate-kubernetes/services/apatelet/scheduler/scheduler.go:71.23,72.12 1 0
github.com/atlarge-research/opendc-emulate-kubernetes/services/apatelet/scheduler/scheduler.go:73.30,73.30 0 0
github.com/atlarge-research/opendc-emulate-kubernetes/services/apatelet/scheduler/scheduler.go:83.53,86.2 2 2
github.com/atlarge-research/opendc-emulate-kubernetes/services/apatelet/scheduler/scheduler.go:89.37,90.9 1 2
github.com/atlarge-research/opendc-emulate-kubernetes/services/apatelet/scheduler/scheduler.go:91.32,91.32 0 1
github.com/atlarge-research/opendc-emulate-kubernetes/services/apatelet/scheduler/scheduler.go:92.10,92.10 0 1
github.com/atlarge-research/opendc-emulate-kubernetes/services/apatelet/scheduler/scheduler.go:96.68,100.16 3 10
github.com/atlarge-research/opendc-emulate-kubernetes/services/apatelet/scheduler/scheduler.go:105.2,105.16 1 9
github.com/atlarge-research/opendc-emulate-kubernetes/services/apatelet/scheduler/scheduler.go:109.2,111.30 2 6
github.com/atlarge-research/opendc-emulate-kubernetes/services/apatelet/scheduler/scheduler.go:125.2,126.16 2 5
github.com/atlarge-research/opendc-emulate-kubernetes/services/apatelet/scheduler/scheduler.go:131.2,131.19 1 5
github.com/atlarge-research/opendc-emulate-kubernetes/services/apatelet/scheduler/scheduler.go:142.2,142.17 1 2
github.com/atlarge-research/opendc-emulate-kubernetes/services/apatelet/scheduler/scheduler.go:100.16,103.3 2 1
github.com/atlarge-research/opendc-emulate-kubernetes/services/apatelet/scheduler/scheduler.go:105.16,107.3 1 3
github.com/atlarge-research/opendc-emulate-kubernetes/services/apatelet/scheduler/scheduler.go:111.30,114.17 3 6
github.com/atlarge-research/opendc-emulate-kubernetes/services/apatelet/scheduler/scheduler.go:119.3,119.68 1 5
github.com/atlarge-research/opendc-emulate-kubernetes/services/apatelet/scheduler/scheduler.go:114.17,117.4 2 1
github.com/atlarge-research/opendc-emulate-kubernetes/services/apatelet/scheduler/scheduler.go:119.68,122.4 2 4
github.com/atlarge-research/opendc-emulate-kubernetes/services/apatelet/scheduler/scheduler.go:126.16,129.3 2 0
github.com/atlarge-research/opendc-emulate-kubernetes/services/apatelet/scheduler/scheduler.go:131.19,136.30 3 3
github.com/atlarge-research/opendc-emulate-kubernetes/services/apatelet/scheduler/scheduler.go:139.3,139.22 1 1
github.com/atlarge-research/opendc-emulate-kubernetes/services/apatelet/scheduler/scheduler.go:136.30,138.4 1 2
github.com/atlarge-research/opendc-emulate-kubernetes/services/apatelet/scheduler/scheduler.go:145.65,147.16 2 7
github.com/atlarge-research/opendc-emulate-kubernetes/services/apatelet/scheduler/scheduler.go:152.2,152.11 1 7
github.com/atlarge-research/opendc-emulate-kubernetes/services/apatelet/scheduler/scheduler.go:147.16,150.3 2 0
github.com/atlarge-research/opendc-emulate-kubernetes/services/apatelet/scheduler/scheduler.go:152.11,154.17 2 1
github.com/atlarge-research/opendc-emulate-kubernetes/services/apatelet/scheduler/scheduler.go:154.17,156.4 1 0
github.com/atlarge-research/opendc-emulate-kubernetes/services/apatelet/scheduler/scheduler.go:157.8,159.3 1 6
github.com/atlarge-research/opendc-emulate-kubernetes/services/apatelet/provider/expectederror.go:9.33,12.2 2 6
github.com/atlarge-research/opendc-emulate-kubernetes/services/apatelet/provider/nodeprovider.go:42.65,44.16 2 6
github.com/atlarge-research/opendc-emulate-kubernetes/services/apatelet/provider/nodeprovider.go:48.2,49.9 2 6
github.com/atlarge-research/opendc-emulate-kubernetes/services/apatelet/provider/nodeprovider.go:53.2,53.18 1 6
github.com/atlarge-research/opendc-emulate-kubernetes/services/apatelet/provider/nodeprovider.go:44.16,46.3 1 0
github.com/atlarge-research/opendc-emulate-kubernetes/services/apatelet/provider/nodeprovider.go:49.9,51.3 1 0
github.com/atlarge-research/opendc-emulate-kubernetes/services/apatelet/provider/nodeprovider.go:57.52,58.42 1 2
github.com/atlarge-research/opendc-emulate-kubernetes/services/apatelet/provider/nodeprovider.go:64.2,65.16 2 2
github.com/atlarge-research/opendc-emulate-kubernetes/services/apatelet/provider/nodeprovider.go:69.2,69.14 1 2
github.com/atlarge-research/opendc-emulate-kubernetes/services/apatelet/provider/nodeprovider.go:58.42,62.3 3 0
github.com/atlarge-research/opendc-emulate-kubernetes/services/apatelet/provider/nodeprovider.go:65.16,67.3 1 0
github.com/atlarge-research/opendc-emulate-kubernetes/services/apatelet/provider/nodeprovider.go:70.30,71.14 1 0
github.com/atlarge-research/opendc-emulate-kubernetes/services/apatelet/provider/nodeprovider.go:72.31,73.19 1 1
github.com/atlarge-research/opendc-emulate-kubernetes/services/apatelet/provider/nodeprovider.go:74.32,76.19 2 0
github.com/atlarge-research/opendc-emulate-kubernetes/services/apatelet/provider/nodeprovider.go:77.30,78.47 1 1
github.com/atlarge-research/opendc-emulate-kubernetes/services/apatelet/provider/nodeprovider.go:79.10,80.57 1 0
github.com/atlarge-research/opendc-emulate-kubernetes/services/apatelet/provider/nodeprovider.go:85.81,86.12 1 0
github.com/atlarge-research/opendc-emulate-kubernetes/services/apatelet/provider/nodeprovider.go:86.12,87.7 1 0
github.com/atlarge-research/opendc-emulate-kubernetes/services/apatelet/provider/nodeprovider.go:87.7,88.11 1 0
github.com/atlarge-research/opendc-emulate-kubernetes/services/apatelet/provider/nodeprovider.go:89.22,90.11 1 0
github.com/atlarge-research/opendc-emulate-kubernetes/services/apatelet/provider/nodeprovider.go:91.38,92.32 1 0
github.com/atlarge-research/opendc-emulate-kubernetes/services/apatelet/provider/nodeprovider.go:99.72,104.2 4 2
github.com/atlarge-research/opendc-emulate-kubernetes/services/apatelet/provider/nodeprovider.go:106.81,109.16 2 4
github.com/atlarge-research/opendc-emulate-kubernetes/services/apatelet/provider/nodeprovider.go:113.2,113.71 1 4
github.com/atlarge-research/opendc-emulate-kubernetes/services/apatelet/provider/nodeprovider.go:117.2,118.16 2 3
github.com/atlarge-research/opendc-emulate-kubernetes/services/apatelet/provider/nodeprovider.go:124.2,137.12 5 3
github.com/atlarge-research/opendc-emulate-kubernetes/services/apatelet/provider/nodeprovider.go:109.16,112.3 2 0
github.com/atlarge-research/opendc-emulate-kubernetes/services/apatelet/provider/nodeprovider.go:113.71,115.3 1 1
github.com/atlarge-research/opendc-emulate-kubernetes/services/apatelet/provider/nodeprovider.go:118.16,121.3 2 0
github.com/atlarge-research/opendc-emulate-kubernetes/services/apatelet/provider/nodeprovider.go:140.60,150.2 1 2
github.com/atlarge-research/opendc-emulate-kubernetes/services/apatelet/provider/nodeprovider.go:152.51,163.2 1 2
github.com/atlarge-research/opendc-emulate-kubernetes/services/apatelet/provider/nodeprovider.go:165.51,178.2 1 2
github.com/atlarge-research/opendc-emulate-kubernetes/services/apatelet/provider/nodeprovider.go:180.43,185.2 2 2
github.com/atlarge-research/opendc-emulate-kubernetes/services/apatelet/provider/nodeprovider.go:187.53,189.16 2 2
github.com/atlarge-research/opendc-emulate-kubernetes/services/apatelet/provider/nodeprovider.go:194.2,203.3 1 2
github.com/atlarge-research/opendc-emulate-kubernetes/services/apatelet/provider/nodeprovider.go:189.16,192.3 2 0
github.com/atlarge-research/opendc-emulate-kubernetes/services/apatelet/provider/nodeprovider.go:206.69,212.2 1 2
github.com/atlarge-research/opendc-emulate-kubernetes/services/apatelet/provider/nodeprovider.go:214.51,237.2 11 2
github.com/atlarge-research/opendc-emulate-kubernetes/services/apatelet/provider/podprovider.go:25.74,26.34 1 4
github.com/atlarge-research/opendc-emulate-kubernetes/services/apatelet/provider/podprovider.go:30.2,30.94 1 3
github.com/atlarge-research/opendc-emulate-kubernetes/services/apatelet/provider/podprovider.go:26.34,28.3 1 1
github.com/atlarge-research/opendc-emulate-kubernetes/services/apatelet/provider/podprovider.go:34.74,35.34 1 4
github.com/atlarge-research/opendc-emulate-kubernetes/services/apatelet/provider/podprovider.go:39.2,39.94 1 3
github.com/atlarge-research/opendc-emulate-kubernetes/services/apatelet/provider/podprovider.go:35.34,37.3 1 1
github.com/atlarge-research/opendc-emulate-kubernetes/services/apatelet/provider/podprovider.go:42.128,43.42 1 6
github.com/atlarge-research/opendc-emulate-kubernetes/services/apatelet/provider/podprovider.go:49.2,56.21 2 2
github.com/atlarge-research/opendc-emulate-kubernetes/services/apatelet/provider/podprovider.go:60.2,61.16 2 2
github.com/atlarge-research/opendc-emulate-kubernetes/services/apatelet/provider/podprovider.go:65.2,65.12 1 2
github.com/atlarge-research/opendc-emulate-kubernetes/services/apatelet/provider/podprovider.go:43.42,47.3 3 4
github.com/atlarge-research/opendc-emulate-kubernetes/services/apatelet/provider/podprovider.go:56.21,58.3 1 0
github.com/atlarge-research/opendc-emulate-kubernetes/services/apatelet/provider/podprovider.go:61.16,63.3 1 0
github.com/atlarge-research/opendc-emulate-kubernetes/services/apatelet/provider/podprovider.go:68.74,69.37 1 2
github.com/atlarge-research/opendc-emulate-kubernetes/services/apatelet/provider/podprovider.go:69.37,72.3 2 2
github.com/atlarge-research/opendc-emulate-kubernetes/services/apatelet/provider/podprovider.go:76.74,77.34 1 4
github.com/atlarge-research/opendc-emulate-kubernetes/services/apatelet/provider/podprovider.go:81.2,81.42 1 3
github.com/atlarge-research/opendc-emulate-kubernetes/services/apatelet/provider/podprovider.go:87.2,88.52 1 1
github.com/atlarge-research/opendc-emulate-kubernetes/services/apatelet/provider/podprovider.go:97.2,97.21 1 1
github.com/atlarge-research/opendc-emulate-kubernetes/services/apatelet/provider/podprovider.go:101.2,102.16 2 1
github.com/atlarge-research/opendc-emulate-kubernetes/services/apatelet/provider/podprovider.go:106.2,106.12 1 1
github.com/atlarge-research/opendc-emulate-kubernetes/services/apatelet/provider/podprovider.go:77.34,79.3 1 1
github.com/atlarge-research/opendc-emulate-kubernetes/services/apatelet/provider/podprovider.go:81.42,85.3 3 2
github.com/atlarge-research/opendc-emulate-kubernetes/services/apatelet/provider/podprovider.go:88.52,91.4 2 1
github.com/atlarge-research/opendc-emulate-kubernetes/services/apatelet/provider/podprovider.go:97.21,99.3 1 0
github.com/atlarge-research/opendc-emulate-kubernetes/services/apatelet/provider/podprovider.go:102.16,104.3 1 0
github.com/atlarge-research/opendc-emulate-kubernetes/services/apatelet/provider/podprovider.go:110.93,111.34 1 4
github.com/atlarge-research/opendc-emulate-kubernetes/services/apatelet/provider/podprovider.go:115.2,115.42 1 3
github.com/atlarge-research/opendc-emulate-kubernetes/services/apatelet/provider/podprovider.go:121.2,124.52 2 1
github.com/atlarge-research/opendc-emulate-kubernetes/services/apatelet/provider/podprovider.go:133.2,133.21 1 1
github.com/atlarge-research/opendc-emulate-kubernetes/services/apatelet/provider/podprovider.go:137.2,138.16 2 1
github.com/atlarge-research/opendc-emulate-kubernetes/services/apatelet/provider/podprovider.go:143.2,143.36 1 1
github.com/atlarge-research/opendc-emulate-kubernetes/services/apatelet/provider/podprovider.go:147.2,147.50 1 0
github.com/atlarge-research/opendc-emulate-kubernetes/services/apatelet/provider/podprovider.go:111.34,113.3 1 1
github.com/atlarge-research/opendc-emulate-kubernetes/services/apatelet/provider/podprovider.go:115.42,119.3 3 2
github.com/atlarge-research/opendc-emulate-kubernetes/services/apatelet/provider/podprovider.go:124.52,127.4 2 1
github.com/atlarge-research/opendc-emulate-kubernetes/services/apatelet/provider/podprovider.go:133.21,135.3 1 0
github.com/atlarge-research/opendc-emulate-kubernetes/services/apatelet/provider/podprovider.go:138.16,141.3 2 0
github.com/atlarge-research/opendc-emulate-kubernetes/services/apatelet/provider/podprovider.go:143.36,145.3 1 1
github.com/atlarge-research/opendc-emulate-kubernetes/services/apatelet/provider/podprovider.go:150.59,151.16 1 7
github.com/atlarge-research/opendc-emulate-kubernetes/services/apatelet/provider/podprovider.go:152.33,153.27 1 1
github.com/atlarge-research/opendc-emulate-kubernetes/services/apatelet/provider/podprovider.go:154.31,155.14 1 0
github.com/atlarge-research/opendc-emulate-kubernetes/services/apatelet/provider/podprovider.go:156.33,157.27 1 1
github.com/atlarge-research/opendc-emulate-kubernetes/services/apatelet/provider/podprovider.go:158.35,159.29 1 2
github.com/atlarge-research/opendc-emulate-kubernetes/services/apatelet/provider/podprovider.go:160.32,161.26 1 1
github.com/atlarge-research/opendc-emulate-kubernetes/services/apatelet/provider/podprovider.go:162.33,163.27 1 1
github.com/atlarge-research/opendc-emulate-kubernetes/services/apatelet/provider/podprovider.go:164.10,165.27 1 1
github.com/atlarge-research/opendc-emulate-kubernetes/services/apatelet/provider/podprovider.go:170.105,171.34 1 4
github.com/atlarge-research/opendc-emulate-kubernetes/services/apatelet/provider/podprovider.go:175.2,175.42 1 3
github.com/atlarge-research/opendc-emulate-kubernetes/services/apatelet/provider/podprovider.go:181.2,183.105 2 1
github.com/atlarge-research/opendc-emulate-kubernetes/services/apatelet/provider/podprovider.go:208.2,208.21 1 1
github.com/atlarge-research/opendc-emulate-kubernetes/services/apatelet/provider/podprovider.go:212.2,213.16 2 1
github.com/atlarge-research/opendc-emulate-kubernetes/services/apatelet/provider/podprovider.go:218.2,218.47 1 1
github.com/atlarge-research/opendc-emulate-kubernetes/services/apatelet/provider/podprovider.go:222.2,222.56 1 0
github.com/atlarge-research/opendc-emulate-kubernetes/services/apatelet/provider/podprovider.go:171.34,173.3 1 1
github.com/atlarge-research/opendc-emulate-kubernetes/services/apatelet/provider/podprovider.go:175.42,179.3 3 2
github.com/atlarge-research/opendc-emulate-kubernetes/services/apatelet/provider/podprovider.go:183.105,185.17 2 1
github.com/atlarge-research/opendc-emulate-kubernetes/services/apatelet/provider/podprovider.go:189.3,201.9 1 1
github.com/atlarge-research/opendc-emulate-kubernetes/services/apatelet/provider/podprovider.go:185.17,187.4 1 0
github.com/atlarge-research/opendc-emulate-kubernetes/services/apatelet/provider/podprovider.go:208.21,210.3 1 0
github.com/atlarge-research/opendc-emulate-kubernetes/services/apatelet/provider/podprovider.go:213.16,216.3 2 0
github.com/atlarge-research/opendc-emulate-kubernetes/services/apatelet/provider/podprovider.go:218.47,220.3 1 1
github.com/atlarge-research/opendc-emulate-kubernetes/services/apatelet/provider/podprovider.go:226.72,227.34 1 4
github.com/atlarge-research/opendc-emulate-kubernetes/services/apatelet/provider/podprovider.go:231.2,231.42 1 3
github.com/atlarge-research/opendc-emulate-kubernetes/services/apatelet/provider/podprovider.go:237.2,237.76 1 1
github.com/atlarge-research/opendc-emulate-kubernetes/services/apatelet/provider/podprovider.go:243.2,243.21 1 1
github.com/atlarge-research/opendc-emulate-kubernetes/services/apatelet/provider/podprovider.go:247.2,248.16 2 1
github.com/atlarge-research/opendc-emulate-kubernetes/services/apatelet/provider/podprovider.go:253.2,253.41 1 1
github.com/atlarge-research/opendc-emulate-kubernetes/services/apatelet/provider/podprovider.go:257.2,257.51 1 0
github.com/atlarge-research/opendc-emulate-kubernetes/services/apatelet/provider/podprovider.go:227.34,229.3 1 1
github.com/atlarge-research/opendc-emulate-kubernetes/services/apatelet/provider/podprovider.go:231.42,235.3 3 2
github.com/atlarge-research/opendc-emulate-kubernetes/services/apatelet/provider/podprovider.go:237.76,239.3 1 1
github.com/atlarge-research/opendc-emulate-kubernetes/services/apatelet/provider/podprovider.go:243.21,245.3 1 0
github.com/atlarge-research/opendc-emulate-kubernetes/services/apatelet/provider/podprovider.go:248.16,251.3 2 0
github.com/atlarge-research/opendc-emulate-kubernetes/services/apatelet/provider/podprovider.go:253.41,255.3 1 1
github.com/atlarge-research/opendc-emulate-kubernetes/services/apatelet/provider/podprovider.go:261.123,264.2 1 0
github.com/atlarge-research/opendc-emulate-kubernetes/services/apatelet/provider/podprovider.go:267.106,270.2 1 0
github.com/atlarge-research/opendc-emulate-kubernetes/services/apatelet/provider/podprovider.go:272.58,274.16 2 20
github.com/atlarge-research/opendc-emulate-kubernetes/services/apatelet/provider/podprovider.go:278.2,279.9 2 14
github.com/atlarge-research/opendc-emulate-kubernetes/services/apatelet/provider/podprovider.go:283.2,283.9 1 14
github.com/atlarge-research/opendc-emulate-kubernetes/services/apatelet/provider/podprovider.go:274.16,276.3 1 6
github.com/atlarge-research/opendc-emulate-kubernetes/services/apatelet/provider/podprovider.go:279.9,281.3 1 0
github.com/atlarge-research/opendc-emulate-kubernetes/services/apatelet/provider/podprovider.go:284.20,285.75 1 6
github.com/atlarge-research/opendc-emulate-kubernetes/services/apatelet/provider/podprovider.go:286.30,288.13 1 8
github.com/atlarge-research/opendc-emulate-kubernetes/services/apatelet/provider/podprovider.go:292.69,294.9 2 4
github.com/atlarge-research/opendc-emulate-kubernetes/services/apatelet/provider/podprovider.go:297.2,297.30 1 3
github.com/atlarge-research/opendc-emulate-kubernetes/services/apatelet/provider/podprovider.go:294.9,296.3 1 1
github.com/atlarge-research/opendc-emulate-kubernetes/services/apatelet/provider/podprovider.go:300.47,302.2 1 8
github.com/atlarge-research/opendc-emulate-kubernetes/services/apatelet/provider/provider.go:47.173,49.16 2 0
github.com/atlarge-research/opendc-emulate-kubernetes/services/apatelet/provider/provider.go:53.2,61.16 8 0
github.com/atlarge-research/opendc-emulate-kubernetes/services/apatelet/provider/provider.go:65.2,66.87 1 0
github.com/atlarge-research/opendc-emulate-kubernetes/services/apatelet/provider/provider.go:73.2,73.16 1 0
github.com/atlarge-research/opendc-emulate-kubernetes/services/apatelet/provider/provider.go:77.2,77.18 1 0
github.com/atlarge-research/opendc-emulate-kubernetes/services/apatelet/provider/provider.go:49.16,51.3 1 0
github.com/atlarge-research/opendc-emulate-kubernetes/services/apatelet/provider/provider.go:61.16,63.3 1 0
github.com/atlarge-research/opendc-emulate-kubernetes/services/apatelet/provider/provider.go:66.87,69.4 2 0
github.com/atlarge-research/opendc-emulate-kubernetes/services/apatelet/provider/provider.go:73.16,75.3 1 0
github.com/atlarge-research/opendc-emulate-kubernetes/services/apatelet/provider/provider.go:81.188,98.2 1 5
github.com/atlarge-research/opendc-emulate-kubernetes/services/apatelet/provider/response.go:17.40,19.2 1 0
github.com/atlarge-research/opendc-emulate-kubernetes/services/apatelet/provider/response.go:21.41,23.2 1 0
github.com/atlarge-research/opendc-emulate-kubernetes/services/apatelet/provider/response.go:31.112,33.16 2 14
github.com/atlarge-research/opendc-emulate-kubernetes/services/apatelet/provider/response.go:37.2,38.9 2 13
github.com/atlarge-research/opendc-emulate-kubernetes/services/apatelet/provider/response.go:42.2,42.14 1 12
github.com/atlarge-research/opendc-emulate-kubernetes/services/apatelet/provider/response.go:33.16,35.3 1 1
github.com/atlarge-research/opendc-emulate-kubernetes/services/apatelet/provider/response.go:38.9,40.3 1 1
github.com/atlarge-research/opendc-emulate-kubernetes/services/apatelet/provider/response.go:43.31,45.78 2 8
github.com/atlarge-research/opendc-emulate-kubernetes/services/apatelet/provider/response.go:46.32,48.24 2 1
github.com/atlarge-research/opendc-emulate-kubernetes/services/apatelet/provider/response.go:49.30,50.65 1 1
github.com/atlarge-research/opendc-emulate-kubernetes/services/apatelet/provider/response.go:51.30,52.25 1 1
github.com/atlarge-research/opendc-emulate-kubernetes/services/apatelet/provider/response.go:53.10,54.64 1 1
github.com/atlarge-research/opendc-emulate-kubernetes/services/apatelet/provider/response.go:59.94,61.16 2 7
github.com/atlarge-research/opendc-emulate-kubernetes/services/apatelet/provider/response.go:65.2,66.9 2 6
github.com/atlarge-research/opendc-emulate-kubernetes/services/apatelet/provider/response.go:70.2,70.14 1 5
github.com/atlarge-research/opendc-emulate-kubernetes/services/apatelet/provider/response.go:61.16,63.3 1 1
github.com/atlarge-research/opendc-emulate-kubernetes/services/apatelet/provider/response.go:66.9,68.3 1 1
github.com/atlarge-research/opendc-emulate-kubernetes/services/apatelet/provider/response.go:71.30,72.14 1 0
github.com/atlarge-research/opendc-emulate-kubernetes/services/apatelet/provider/response.go:73.31,75.73 2 3
github.com/atlarge-research/opendc-emulate-kubernetes/services/apatelet/provider/response.go:76.32,78.18 2 1
github.com/atlarge-research/opendc-emulate-kubernetes/services/apatelet/provider/response.go:79.30,80.60 1 0
github.com/atlarge-research/opendc-emulate-kubernetes/services/apatelet/provider/response.go:81.10,82.58 1 1
github.com/atlarge-research/opendc-emulate-kubernetes/services/apatelet/provider/response.go:87.158,90.16 2 7
github.com/atlarge-research/opendc-emulate-kubernetes/services/apatelet/provider/response.go:98.2,98.21 1 7
github.com/atlarge-research/opendc-emulate-kubernetes/services/apatelet/provider/response.go:102.2,103.16 2 0
github.com/atlarge-research/opendc-emulate-kubernetes/services/apatelet/provider/response.go:110.2,110.18 1 0
github.com/atlarge-research/opendc-emulate-kubernetes/services/apatelet/provider/response.go:90.16,91.22 1 0
github.com/atlarge-research/opendc-emulate-kubernetes/services/apatelet/provider/response.go:95.3,95.94 1 0
github.com/atlarge-research/opendc-emulate-kubernetes/services/apatelet/provider/response.go:91.22,93.4 1 0
github.com/atlarge-research/opendc-emulate-kubernetes/services/apatelet/provider/response.go:98.21,100.3 1 7
github.com/atlarge-research/opendc-emulate-kubernetes/services/apatelet/provider/response.go:103.16,104.22 1 0
github.com/atlarge-research/opendc-emulate-kubernetes/services/apatelet/provider/response.go:108.3,108.61 1 0
github.com/atlarge-research/opendc-emulate-kubernetes/services/apatelet/provider/response.go:104.22,106.4 1 0
github.com/atlarge-research/opendc-emulate-kubernetes/services/apatelet/provider/statsprovider.go:23.24,25.2 1 8
github.com/atlarge-research/opendc-emulate-kubernetes/services/apatelet/provider/statsprovider.go:27.38,29.2 1 18
github.com/atlarge-research/opendc-emulate-kubernetes/services/apatelet/provider/statsprovider.go:32.77,39.2 2 6
github.com/atlarge-research/opendc-emulate-kubernetes/services/apatelet/provider/statsprovider.go:42.73,51.2 1 6
github.com/atlarge-research/opendc-emulate-kubernetes/services/apatelet/provider/statsprovider.go:53.69,57.28 3 6
github.com/atlarge-research/opendc-emulate-kubernetes/services/apatelet/provider/statsprovider.go:63.2,67.3 1 6
github.com/atlarge-research/opendc-emulate-kubernetes/services/apatelet/provider/statsprovider.go:57.28,58.54 1 8
github.com/atlarge-research/opendc-emulate-kubernetes/services/apatelet/provider/statsprovider.go:58.54,60.4 1 5
github.com/atlarge-research/opendc-emulate-kubernetes/services/apatelet/provider/statsprovider.go:70.75,74.28 3 6
github.com/atlarge-research/opendc-emulate-kubernetes/services/apatelet/provider/statsprovider.go:80.2,90.3 2 6
github.com/atlarge-research/opendc-emulate-kubernetes/services/apatelet/provider/statsprovider.go:74.28,75.56 1 8
github.com/atlarge-research/opendc-emulate-kubernetes/services/apatelet/provider/statsprovider.go:75.56,77.4 1 5
github.com/atlarge-research/opendc-emulate-kubernetes/services/apatelet/provider/statsprovider.go:93.75,98.28 4 6
github.com/atlarge-research/opendc-emulate-kubernetes/services/apatelet/provider/statsprovider.go:104.2,113.3 2 6
github.com/atlarge-research/opendc-emulate-kubernetes/services/apatelet/provider/statsprovider.go:98.28,99.75 1 8
github.com/atlarge-research/opendc-emulate-kubernetes/services/apatelet/provider/statsprovider.go:99.75,101.4 1 4
github.com/atlarge-research/opendc-emulate-kubernetes/services/apatelet/provider/statsprovider.go:116.60,119.42 2 6
github.com/atlarge-research/opendc-emulate-kubernetes/services/apatelet/provider/statsprovider.go:123.2,123.19 1 6
github.com/atlarge-research/opendc-emulate-kubernetes/services/apatelet/provider/statsprovider.go:119.42,121.3 1 8
github.com/atlarge-research/opendc-emulate-kubernetes/services/apatelet/provider/statsprovider.go:126.65,127.35 1 8
github.com/atlarge-research/opendc-emulate-kubernetes/services/apatelet/provider/statsprovider.go:145.2,145.52 1 1
github.com/atlarge-research/opendc-emulate-kubernetes/services/apatelet/provider/statsprovider.go:127.35,128.45 1 7
github.com/atlarge-research/opendc-emulate-kubernetes/services/apatelet/provider/statsprovider.go:128.45,130.18 2 7
github.com/atlarge-research/opendc-emulate-kubernetes/services/apatelet/provider/statsprovider.go:135.4,136.11 2 7
github.com/atlarge-research/opendc-emulate-kubernetes/services/apatelet/provider/statsprovider.go:141.4,141.48 1 7
github.com/atlarge-research/opendc-emulate-kubernetes/services/apatelet/provider/statsprovider.go:130.18,133.5 2 0
github.com/atlarge-research/opendc-emulate-kubernetes/services/apatelet/provider/statsprovider.go:136.11,139.5 2 0
github.com/atlarge-research/opendc-emulate-kubernetes/services/apatelet/provider/statsprovider.go:148.87,155.33 2 8
github.com/atlarge-research/opendc-emulate-kubernetes/services/apatelet/provider/statsprovider.go:159.2,159.19 1 8
github.com/atlarge-research/opendc-emulate-kubernetes/services/apatelet/provider/statsprovider.go:155.33,157.3 1 0
github.com/atlarge-research/opendc-emulate-kubernetes/test/e2e/stdout.go:16.25,23.28 5 0
github.com/atlarge-research/opendc-emulate-kubernetes/test/e2e/stdout.go:29.2,33.3 1 0
github.com/atlarge-research/opendc-emulate-kubernetes/test/e2e/stdout.go:23.28,27.3 3 0
github.com/atlarge-research/opendc-emulate-kubernetes/test/e2e/stdout.go:36.33,40.2 3 0
github.com/atlarge-research/opendc-emulate-kubernetes/services/controlplane/services/cluster_operations.go:32.124,37.2 1 0
github.com/atlarge-research/opendc-emulate-kubernetes/services/controlplane/services/cluster_operations.go:40.147,52.16 7 0
github.com/atlarge-research/opendc-emulate-kubernetes/services/controlplane/services/cluster_operations.go:59.2,64.16 3 0
github.com/atlarge-research/opendc-emulate-kubernetes/services/controlplane/services/cluster_operations.go:70.2,75.16 4 0
github.com/atlarge-research/opendc-emulate-kubernetes/services/controlplane/services/cluster_operations.go:79.2,92.8 1 0
github.com/atlarge-research/opendc-emulate-kubernetes/services/controlplane/services/cluster_operations.go:52.16,56.3 3 0
github.com/atlarge-research/opendc-emulate-kubernetes/services/controlplane/services/cluster_operations.go:64.16,68.3 3 0
github.com/atlarge-research/opendc-emulate-kubernetes/services/controlplane/services/cluster_operations.go:75.16,77.3 1 0
github.com/atlarge-research/opendc-emulate-kubernetes/services/controlplane/services/cluster_operations.go:97.138,101.16 3 0
github.com/atlarge-research/opendc-emulate-kubernetes/services/controlplane/services/cluster_operations.go:105.2,106.16 2 0
github.com/atlarge-research/opendc-emulate-kubernetes/services/controlplane/services/cluster_operations.go:110.2,110.28 1 0
github.com/atlarge-research/opendc-emulate-kubernetes/services/controlplane/services/cluster_operations.go:101.16,103.3 1 0
github.com/atlarge-research/opendc-emulate-kubernetes/services/controlplane/services/cluster_operations.go:106.16,108.3 1 0
github.com/atlarge-research/opendc-emulate-kubernetes/services/controlplane/services/cluster_operations.go:113.118,115.2 1 0
github.com/atlarge-research/opendc-emulate-kubernetes/services/controlplane/services/health.go:29.84,43.6 6 1
github.com/atlarge-research/opendc-emulate-kubernetes/services/controlplane/services/health.go:82.2,82.76 1 1
github.com/atlarge-research/opendc-emulate-kubernetes/services/controlplane/services/health.go:87.2,88.12 2 1
github.com/atlarge-research/opendc-emulate-kubernetes/services/controlplane/services/health.go:43.6,44.49 1 305052
github.com/atlarge-research/opendc-emulate-kubernetes/services/controlplane/services/health.go:48.3,49.13 2 305051
github.com/atlarge-research/opendc-emulate-kubernetes/services/controlplane/services/health.go:61.3,64.17 3 305051
github.com/atlarge-research/opendc-emulate-kubernetes/services/controlplane/services/health.go:70.3,71.17 2 305051
github.com/atlarge-research/opendc-emulate-kubernetes/services/controlplane/services/health.go:76.3,76.65 1 305051
github.com/atlarge-research/opendc-emulate-kubernetes/services/controlplane/services/health.go:44.49,45.9 1 1
github.com/atlarge-research/opendc-emulate-kubernetes/services/controlplane/services/health.go:49.13,50.11 1 305051
github.com/atlarge-research/opendc-emulate-kubernetes/services/controlplane/services/health.go:51.22,52.11 1 0
github.com/atlarge-research/opendc-emulate-kubernetes/services/controlplane/services/health.go:53.35,55.60 2 0
github.com/atlarge-research/opendc-emulate-kubernetes/services/controlplane/services/health.go:56.13,56.13 0 305051
github.com/atlarge-research/opendc-emulate-kubernetes/services/controlplane/services/health.go:64.17,67.12 3 0
github.com/atlarge-research/opendc-emulate-kubernetes/services/controlplane/services/health.go:71.17,73.9 2 0
github.com/atlarge-research/opendc-emulate-kubernetes/services/controlplane/services/health.go:76.65,78.4 1 0
github.com/atlarge-research/opendc-emulate-kubernetes/services/controlplane/services/health.go:82.76,85.3 2 0
github.com/atlarge-research/opendc-emulate-kubernetes/services/controlplane/services/health.go:91.112,92.6 1 1
github.com/atlarge-research/opendc-emulate-kubernetes/services/controlplane/services/health.go:92.6,93.48 1 4
github.com/atlarge-research/opendc-emulate-kubernetes/services/controlplane/services/health.go:97.3,97.53 1 3
github.com/atlarge-research/opendc-emulate-kubernetes/services/controlplane/services/health.go:102.3,102.10 1 3
github.com/atlarge-research/opendc-emulate-kubernetes/services/controlplane/services/health.go:93.48,94.9 1 1
github.com/atlarge-research/opendc-emulate-kubernetes/services/controlplane/services/health.go:97.53,100.4 2 3
github.com/atlarge-research/opendc-emulate-kubernetes/services/controlplane/services/health.go:103.21,104.10 1 0
github.com/atlarge-research/opendc-emulate-kubernetes/services/controlplane/services/health.go:105.35,105.35 0 3
github.com/atlarge-research/opendc-emulate-kubernetes/services/controlplane/services/health.go:111.76,113.2 1 0
github.com/atlarge-research/opendc-emulate-kubernetes/services/controlplane/services/scenario.go:31.108,36.2 1 0
github.com/atlarge-research/opendc-emulate-kubernetes/services/controlplane/services/scenario.go:38.126,40.16 2 0
github.com/atlarge-research/opendc-emulate-kubernetes/services/controlplane/services/scenario.go:45.2,49.72 2 0
github.com/atlarge-research/opendc-emulate-kubernetes/services/controlplane/services/scenario.go:55.2,55.66 1 0
github.com/atlarge-research/opendc-emulate-kubernetes/services/controlplane/services/scenario.go:61.2,62.16 2 0
github.com/atlarge-research/opendc-emulate-kubernetes/services/controlplane/services/scenario.go:69.2,70.16 2 0
github.com/atlarge-research/opendc-emulate-kubernetes/services/controlplane/services/scenario.go:76.2,76.30 1 0
github.com/atlarge-research/opendc-emulate-kubernetes/services/controlplane/services/scenario.go:40.16,43.3 2 0
github.com/atlarge-research/opendc-emulate-kubernetes/services/controlplane/services/scenario.go:49.72,53.3 3 0
github.com/atlarge-research/opendc-emulate-kubernetes/services/controlplane/services/scenario.go:55.66,59.3 3 0
github.com/atlarge-research/opendc-emulate-kubernetes/services/controlplane/services/scenario.go:62.16,66.3 3 0
github.com/atlarge-research/opendc-emulate-kubernetes/services/controlplane/services/scenario.go:70.16,74.3 3 0
github.com/atlarge-research/opendc-emulate-kubernetes/services/controlplane/services/scenario.go:79.114,82.23 2 0
github.com/atlarge-research/opendc-emulate-kubernetes/services/controlplane/services/scenario.go:100.2,100.70 1 0
github.com/atlarge-research/opendc-emulate-kubernetes/services/controlplane/services/scenario.go:82.23,84.24 2 0
github.com/atlarge-research/opendc-emulate-kubernetes/services/controlplane/services/scenario.go:84.24,86.18 2 0
github.com/atlarge-research/opendc-emulate-kubernetes/services/controlplane/services/scenario.go:90.4,92.18 2 0
github.com/atlarge-research/opendc-emulate-kubernetes/services/controlplane/services/scenario.go:96.4,96.38 1 0
github.com/atlarge-research/opendc-emulate-kubernetes/services/controlplane/services/scenario.go:86.18,88.5 1 0
github.com/atlarge-research/opendc-emulate-kubernetes/services/controlplane/services/scenario.go:92.18,94.5 1 0
github.com/atlarge-research/opendc-emulate-kubernetes/services/controlplane/services/status.go:22.76,24.2 1 0
github.com/atlarge-research/opendc-emulate-kubernetes/services/controlplane/services/status.go:26.104,28.16 2 2
github.com/atlarge-research/opendc-emulate-kubernetes/services/controlplane/services/status.go:33.2,34.29 2 2
github.com/atlarge-research/opendc-emulate-kubernetes/services/controlplane/services/status.go:40.2,40.60 1 2
github.com/atlarge-research/opendc-emulate-kubernetes/services/controlplane/services/status.go:28.16,30.3 1 0
github.com/atlarge-research/opendc-emulate-kubernetes/services/controlplane/services/status.go:34.29,35.43 1 6
github.com/atlarge-research/opendc-emulate-kubernetes/services/controlplane/services/status.go:35.43,37.4 1 4
